Using pre-set license
Built from '2020.3/staging' branch; Version is '2020.3.4f1 (0abb6314276a) revision 703331'; Using compiler version '192528614'; Build Type 'Release'
OS: 'Windows 10 Pro; OS build 19041.1165; Version 2004; 64bit' Language: 'en' Physical Memory: 6020 MB
BatchMode: 1, IsHumanControllingUs: 0, StartBugReporterOnCrash: 0, Is64bit: 1, IsPro: 0

 COMMAND LINE ARGUMENTS:
C:\Program Files\Unity\Editor\Unity.exe
-adb2
-batchMode
-noUpm
-name
AssetImportWorker0
-projectPath
C:/Users/Mert/UnityProjects/OpenCV_Unity3d
-logFile
Logs/AssetImportWorker0.log
-srvPort
56969
Successfully changed project path to: C:/Users/Mert/UnityProjects/OpenCV_Unity3d
C:/Users/Mert/UnityProjects/OpenCV_Unity3d
Using Asset Import Pipeline V2.
Refreshing native plugins compatible for Editor in 144.82 ms, found 1 plugins.
Preloading 0 native plugins for Editor in 0.00 ms.
Initialize engine version: 2020.3.4f1 (0abb6314276a)
[Subsystems] Discovering subsystems at path C:/Program Files/Unity/Editor/Data/Resources/UnitySubsystems
[Subsystems] Discovering subsystems at path C:/Users/Mert/UnityProjects/OpenCV_Unity3d/Assets
GfxDevice: creating device client; threaded=0
Direct3D:
    Version:  Direct3D 11.0 [level 11.1]
    Renderer: AMD Radeon(TM) Graphics (ID=0x15d8)
    Vendor:   
    VRAM:     3010 MB
    Driver:   27.20.11028.10001
Initialize mono
Mono path[0] = 'C:/Program Files/Unity/Editor/Data/Managed'
Mono path[1] = 'C:/Program Files/Unity/Editor/Data/MonoBleedingEdge/lib/mono/unityjit'
Mono config path = 'C:/Program Files/Unity/Editor/Data/MonoBleedingEdge/etc'
Using monoOptions --debugger-agent=transport=dt_socket,embedding=1,server=y,suspend=n,address=127.0.0.1:56304
Begin MonoManager ReloadAssembly
Registering precompiled unity dll's ...
Register platform support module: C:/Program Files/Unity/Editor/Data/PlaybackEngines/WebGLSupport/UnityEditor.WebGL.Extensions.dll
Register platform support module: C:/Program Files/Unity/Editor/Data/PlaybackEngines/WindowsStandaloneSupport/UnityEditor.WindowsStandalone.Extensions.dll
Registered in 0.006390 seconds.
Native extension for WindowsStandalone target not found
Native extension for WebGL target not found
Refreshing native plugins compatible for Editor in 62.17 ms, found 1 plugins.
Preloading 0 native plugins for Editor in 0.00 ms.
Mono: successfully reloaded assembly
- Completed reload, in  3.639 seconds
Platform modules already initialized, skipping
Registering precompiled user dll's ...
Registered in 0.002194 seconds.
Begin MonoManager ReloadAssembly
Native extension for WindowsStandalone target not found
Native extension for WebGL target not found
Refreshing native plugins compatible for Editor in 0.79 ms, found 1 plugins.
Preloading 0 native plugins for Editor in 0.00 ms.
Mono: successfully reloaded assembly
- Completed reload, in  1.889 seconds
Platform modules already initialized, skipping
========================================================================
Worker process is ready to serve import requests
Launched and connected shader compiler UnityShaderCompiler.exe after 0.12 seconds
Refreshing native plugins compatible for Editor in 0.81 ms, found 1 plugins.
Preloading 0 native plugins for Editor in 0.00 ms.
Unloading 1614 Unused Serialized files (Serialized files now loaded: 0)
System memory in use before: 93.9 MB.
System memory in use after: 93.9 MB.

Unloading 15 unused Assets to reduce memory usage. Loaded Objects now: 2074.
Total: 5.679700 ms (FindLiveObjects: 0.460800 ms CreateObjectMapping: 0.120900 ms MarkObjects: 4.469000 ms  DeleteObjects: 0.623800 ms)

========================================================================
Received Import Request.
  path: Assets/Scripts/PlayerController.cs
  artifactKey: Guid(3525b46f84812a149bedd94055a63b17) Importer(815301076,1909f56bfc062723c751e8b465ee728b)
Start importing Assets/Scripts/PlayerController.cs using Guid(3525b46f84812a149bedd94055a63b17) Importer(815301076,1909f56bfc062723c751e8b465ee728b)  -> (artifact id: 'c98d4dece28821110cfb94cc8a332177') in 0.073507 seconds
  Import took 0.081892 seconds .

========================================================================
Received Import Request.
  Time since last request: 3958.680570 seconds.
  path: Assets/Scenes/GameOver.unity
  artifactKey: Guid(556805ec3d4150240af0914cbcab6e57) Importer(815301076,1909f56bfc062723c751e8b465ee728b)
Start importing Assets/Scenes/GameOver.unity using Guid(556805ec3d4150240af0914cbcab6e57) Importer(815301076,1909f56bfc062723c751e8b465ee728b)  -> (artifact id: 'fbd36440a5677542d9cea47531f2e43b') in 0.092801 seconds
  Import took 0.099816 seconds .

========================================================================
Received Import Request.
  Time since last request: 13.953533 seconds.
  path: Assets/Scenes/FaceDetector.unity
  artifactKey: Guid(8d247f27108e21e4bac4df4265806e55) Importer(815301076,1909f56bfc062723c751e8b465ee728b)
Start importing Assets/Scenes/FaceDetector.unity using Guid(8d247f27108e21e4bac4df4265806e55) Importer(815301076,1909f56bfc062723c751e8b465ee728b)  -> (artifact id: 'baba93e261696ee8c5019f41bd5a6c0f') in 0.030678 seconds
  Import took 0.038512 seconds .

========================================================================
Received Import Request.
  Time since last request: 799.241706 seconds.
  path: Assets/Prefabs/Player 1.prefab
  artifactKey: Guid(d3852b5035993dd41a0ccbdc80d59663) Importer(815301076,1909f56bfc062723c751e8b465ee728b)
Start importing Assets/Prefabs/Player 1.prefab using Guid(d3852b5035993dd41a0ccbdc80d59663) Importer(815301076,1909f56bfc062723c751e8b465ee728b)  -> (artifact id: 'acaa3f5ab514856f9f95fe5479c73eb2') in 0.288411 seconds
  Import took 0.296591 seconds .

========================================================================
Received Import Request.
  Time since last request: 0.000467 seconds.
  path: Assets/Prefabs/Player.prefab
  artifactKey: Guid(3abd2e593edfaed41971c797b49502ca) Importer(815301076,1909f56bfc062723c751e8b465ee728b)
Start importing Assets/Prefabs/Player.prefab using Guid(3abd2e593edfaed41971c797b49502ca) Importer(815301076,1909f56bfc062723c751e8b465ee728b)  -> (artifact id: '48a188a7073ab96eafa88f13858131a6') in 0.041826 seconds
  Import took 0.051378 seconds .

========================================================================
Received Import Request.
  Time since last request: 5.028269 seconds.
  path: Packages/com.unity.ugui/package.json
  artifactKey: Guid(319b8889f363f5947acf209c17a94149) Importer(815301076,1909f56bfc062723c751e8b465ee728b)
Start importing Packages/com.unity.ugui/package.json using Guid(319b8889f363f5947acf209c17a94149) Importer(815301076,1909f56bfc062723c751e8b465ee728b)  -> (artifact id: '1b6c25fa368c3568fe15c6d7a4bda451') in 0.104727 seconds
  Import took 0.113178 seconds .

========================================================================
Received Import Request.
  Time since last request: 2.740854 seconds.
  path: Packages/com.unity.ide.visualstudio/package.json
  artifactKey: Guid(656f74f6edaa396458412b9e3903d8cd) Importer(815301076,1909f56bfc062723c751e8b465ee728b)
Start importing Packages/com.unity.ide.visualstudio/package.json using Guid(656f74f6edaa396458412b9e3903d8cd) Importer(815301076,1909f56bfc062723c751e8b465ee728b)  -> (artifact id: '5a165dfa2f3d93ea621b2a287f9d5006') in 0.072153 seconds
  Import took 0.079113 seconds .

AssetImportWorkerClient::OnTransportError - code=2 error=End of file
